{
  "RSpec": {
    "coverage": {
      "/Users/raylenesmith/Desktop/Projects/game-of-life/spec/cell_spec.rb": [
        1,
        null,
        1,
        1,
        null,
        1,
        1,
        1,
        null,
        null,
        1,
        1,
        null,
        null,
        1,
        1,
        null,
        null,
        1,
        1,
        null,
        null,
        null,
        null
      ],
      "/Users/raylenesmith/Desktop/Projects/game-of-life/lib/cell.rb": [
        1,
        1,
        51,
        51,
        51,
        51,
        null,
        null,
        1,
        null,
        1,
        null,
        null
      ],
      "/Users/raylenesmith/Desktop/Projects/game-of-life/spec/game_spec.rb": [
        1,
        null,
        1,
        1,
        null,
        1,
        1,
        1,
        1,
        null,
        null,
        null,
        1,
        1,
        1,
        1,
        null,
        null,
        null,
        1,
        1,
        1,
        1,
        1,
        null,
        null,
        null,
        null
      ],
      "/Users/raylenesmith/Desktop/Projects/game-of-life/lib/game.rb": [
        1,
        1,
        1,
        1,
        1,
        1,
        null,
        null,
        1,
        null,
        1,
        2,
        10,
        50,
        50,
        50,
        null,
        10,
        null,
        null,
        null,
        1,
        1,
        1,
        50,
        50,
        50,
        50,
        null,
        1,
        null,
        null,
        1,
        1,
        50,
        null,
        null,
        null,
        null
      ],
      "/Users/raylenesmith/Desktop/Projects/game-of-life/spec/neighbour_spec.rb": [
        1,
        null,
        1,
        1,
        null,
        1,
        1,
        1,
        1,
        null,
        null,
        null,
        1,
        1,
        1,
        null,
        null,
        1,
        1,
        null,
        null,
        null,
        null,
        null
      ],
      "/Users/raylenesmith/Desktop/Projects/game-of-life/lib/neighbour.rb": [
        1,
        1,
        1,
        1,
        null,
        null,
        1,
        null,
        1,
        2,
        null,
        null,
        null,
        null,
        null,
        null,
        null,
        null,
        null,
        null,
        null,
        null,
        null
      ]
    },
    "timestamp": 1544195585
  }
}
